<?xml version="1.0" encoding="UTF-8"?>
<!-- Generated by org.testng.reporters.JUnitXMLReporter -->
<testsuite ignored="0" hostname="MuraliKrishnaK" failures="0" tests="6" name="Default test" time="14.692" errors="0" timestamp="2023-12-19T15:05:20 IST">
  <testcase classname="api.tests.DDTests" name="testPostuser" time="4.793"/>
  <testcase classname="api.tests.DDTests" name="testPostuser" time="1.564"/>
  <testcase classname="api.tests.DDTests" name="testPostuser" time="1.43"/>
  <testcase classname="api.tests.DDTests" name="testDeleteUserByName" time="1.505"/>
  <testcase classname="api.tests.DDTests" name="testDeleteUserByName" time="1.531"/>
  <testcase classname="api.tests.DDTests" name="testDeleteUserByName" time="1.535"/>
</testsuite> <!-- Default test -->
