<?xml version="1.0" encoding="UTF-8"?>
<testng-results ignored="0" total="10" passed="10" failed="0" skipped="0">
  <reporter-output>
  </reporter-output>
  <suite started-at="2023-12-19T15:34:30 IST" name="PetSuite" finished-at="2023-12-19T15:34:56 IST" duration-ms="25330">
    <groups>
    </groups>
    <test started-at="2023-12-19T15:34:30 IST" name="PetTest" finished-at="2023-12-19T15:34:56 IST" duration-ms="25330">
      <class name="api.tests.UserTests">
        <test-method is-config="true" signature="setupData()[pri:0, instance:api.tests.UserTests@436813f3]" started-at="2023-12-19T15:34:48 IST" name="setupData" finished-at="2023-12-19T15:34:48 IST" duration-ms="350" status="PASS">
          <reporter-output>
          </reporter-output>
        </test-method> <!-- setupData -->
        <test-method signature="testPostuser()[pri:1, instance:api.tests.UserTests@436813f3]" started-at="2023-12-19T15:34:48 IST" name="testPostuser" finished-at="2023-12-19T15:34:50 IST" duration-ms="1689" status="PASS">
          <reporter-output>
          </reporter-output>
        </test-method> <!-- testPostuser -->
        <test-method signature="testgetUserByName()[pri:2, instance:api.tests.UserTests@436813f3]" started-at="2023-12-19T15:34:50 IST" name="testgetUserByName" finished-at="2023-12-19T15:34:51 IST" duration-ms="1554" status="PASS">
          <reporter-output>
          </reporter-output>
        </test-method> <!-- testgetUserByName -->
        <test-method signature="testUpdateUserByName()[pri:3, instance:api.tests.UserTests@436813f3]" started-at="2023-12-19T15:34:51 IST" name="testUpdateUserByName" finished-at="2023-12-19T15:34:54 IST" duration-ms="3053" status="PASS">
          <reporter-output>
          </reporter-output>
        </test-method> <!-- testUpdateUserByName -->
        <test-method signature="testDeleteUserByName()[pri:4, instance:api.tests.UserTests@436813f3]" started-at="2023-12-19T15:34:54 IST" name="testDeleteUserByName" finished-at="2023-12-19T15:34:56 IST" duration-ms="1522" status="PASS">
          <reporter-output>
          </reporter-output>
        </test-method> <!-- testDeleteUserByName -->
      </class> <!-- api.tests.UserTests -->
      <class name="api.tests.DDTests">
        <test-method signature="testPostuser(java.lang.String,java.lang.String,java.lang.String,java.lang.String,java.lang.String,java.lang.String,java.lang.String)[pri:1, instance:api.tests.DDTests@6356695f]" started-at="2023-12-19T15:34:34 IST" name="testPostuser" data-provider="data" finished-at="2023-12-19T15:34:40 IST" duration-ms="5381" status="PASS">
          <params>
            <param index="0">
              <value>
                <![CDATA[1010]]>
              </value>
            </param>
            <param index="1">
              <value>
                <![CDATA[testuser1]]>
              </value>
            </param>
            <param index="2">
              <value>
                <![CDATA[John]]>
              </value>
            </param>
            <param index="3">
              <value>
                <![CDATA[Canedy]]>
              </value>
            </param>
            <param index="4">
              <value>
                <![CDATA[a@gmail.com]]>
              </value>
            </param>
            <param index="5">
              <value>
                <![CDATA[test@1]]>
              </value>
            </param>
            <param index="6">
              <value>
                <![CDATA[1234567897]]>
              </value>
            </param>
          </params>
          <reporter-output>
          </reporter-output>
        </test-method> <!-- testPostuser -->
        <test-method signature="testPostuser(java.lang.String,java.lang.String,java.lang.String,java.lang.String,java.lang.String,java.lang.String,java.lang.String)[pri:1, instance:api.tests.DDTests@6356695f]" started-at="2023-12-19T15:34:40 IST" name="testPostuser" data-provider="data" finished-at="2023-12-19T15:34:41 IST" duration-ms="1542" status="PASS">
          <params>
            <param index="0">
              <value>
                <![CDATA[1020]]>
              </value>
            </param>
            <param index="1">
              <value>
                <![CDATA[testuser2]]>
              </value>
            </param>
            <param index="2">
              <value>
                <![CDATA[Kim]]>
              </value>
            </param>
            <param index="3">
              <value>
                <![CDATA[Kom]]>
              </value>
            </param>
            <param index="4">
              <value>
                <![CDATA[b@gmail.com]]>
              </value>
            </param>
            <param index="5">
              <value>
                <![CDATA[test@2]]>
              </value>
            </param>
            <param index="6">
              <value>
                <![CDATA[1234567897]]>
              </value>
            </param>
          </params>
          <reporter-output>
          </reporter-output>
        </test-method> <!-- testPostuser -->
        <test-method signature="testPostuser(java.lang.String,java.lang.String,java.lang.String,java.lang.String,java.lang.String,java.lang.String,java.lang.String)[pri:1, instance:api.tests.DDTests@6356695f]" started-at="2023-12-19T15:34:41 IST" name="testPostuser" data-provider="data" finished-at="2023-12-19T15:34:43 IST" duration-ms="1530" status="PASS">
          <params>
            <param index="0">
              <value>
                <![CDATA[1030]]>
              </value>
            </param>
            <param index="1">
              <value>
                <![CDATA[testuser3]]>
              </value>
            </param>
            <param index="2">
              <value>
                <![CDATA[Smith]]>
              </value>
            </param>
            <param index="3">
              <value>
                <![CDATA[Steve]]>
              </value>
            </param>
            <param index="4">
              <value>
                <![CDATA[c@gmail.com]]>
              </value>
            </param>
            <param index="5">
              <value>
                <![CDATA[test@3]]>
              </value>
            </param>
            <param index="6">
              <value>
                <![CDATA[1234567897]]>
              </value>
            </param>
          </params>
          <reporter-output>
          </reporter-output>
        </test-method> <!-- testPostuser -->
        <test-method signature="testDeleteUserByName(java.lang.String)[pri:2, instance:api.tests.DDTests@6356695f]" started-at="2023-12-19T15:34:43 IST" name="testDeleteUserByName" data-provider="userNames" finished-at="2023-12-19T15:34:45 IST" duration-ms="1597" status="PASS">
          <params>
            <param index="0">
              <value>
                <![CDATA[testuser1]]>
              </value>
            </param>
          </params>
          <reporter-output>
          </reporter-output>
        </test-method> <!-- testDeleteUserByName -->
        <test-method signature="testDeleteUserByName(java.lang.String)[pri:2, instance:api.tests.DDTests@6356695f]" started-at="2023-12-19T15:34:45 IST" name="testDeleteUserByName" data-provider="userNames" finished-at="2023-12-19T15:34:46 IST" duration-ms="1532" status="PASS">
          <params>
            <param index="0">
              <value>
                <![CDATA[testuser2]]>
              </value>
            </param>
          </params>
          <reporter-output>
          </reporter-output>
        </test-method> <!-- testDeleteUserByName -->
        <test-method signature="testDeleteUserByName(java.lang.String)[pri:2, instance:api.tests.DDTests@6356695f]" started-at="2023-12-19T15:34:46 IST" name="testDeleteUserByName" data-provider="userNames" finished-at="2023-12-19T15:34:48 IST" duration-ms="1535" status="PASS">
          <params>
            <param index="0">
              <value>
                <![CDATA[testuser3]]>
              </value>
            </param>
          </params>
          <reporter-output>
          </reporter-output>
        </test-method> <!-- testDeleteUserByName -->
      </class> <!-- api.tests.DDTests -->
    </test> <!-- PetTest -->
  </suite> <!-- PetSuite -->
</testng-results>
