<?xml version="1.0" encoding="UTF-8"?>
<!-- Generated by org.testng.reporters.JUnitXMLReporter -->
<testsuite ignored="0" hostname="MuraliKrishnaK" failures="0" tests="6" name="PetTest" time="11.937" errors="0" timestamp="2023-12-19T17:12:26 IST">
  <testcase classname="api.tests.DDTests" name="testPostuser" time="3.413"/>
  <testcase classname="api.tests.DDTests" name="testPostuser" time="1.362"/>
  <testcase classname="api.tests.DDTests" name="testPostuser" time="1.201"/>
  <testcase classname="api.tests.DDTests" name="testDeleteUserByName" time="1.273"/>
  <testcase classname="api.tests.DDTests" name="testDeleteUserByName" time="1.349"/>
  <testcase classname="api.tests.DDTests" name="testDeleteUserByName" time="1.306"/>
</testsuite> <!-- PetTest -->
