<?xml version="1.0" encoding="UTF-8"?>
<!-- Generated by org.testng.reporters.JUnitXMLReporter -->
<testsuite ignored="0" hostname="MuraliKrishnaK" failures="0" tests="10" name="PetTest" time="25.33" errors="0" timestamp="2023-12-19T15:34:56 IST">
  <testcase classname="api.tests.DDTests" name="testPostuser" time="5.381"/>
  <testcase classname="api.tests.DDTests" name="testPostuser" time="1.542"/>
  <testcase classname="api.tests.DDTests" name="testPostuser" time="1.53"/>
  <testcase classname="api.tests.DDTests" name="testDeleteUserByName" time="1.597"/>
  <testcase classname="api.tests.DDTests" name="testDeleteUserByName" time="1.532"/>
  <testcase classname="api.tests.DDTests" name="testDeleteUserByName" time="1.535"/>
  <testcase classname="api.tests.UserTests" name="testPostuser" time="1.689"/>
  <testcase classname="api.tests.UserTests" name="testgetUserByName" time="1.554"/>
  <testcase classname="api.tests.UserTests" name="testUpdateUserByName" time="3.053"/>
  <testcase classname="api.tests.UserTests" name="testDeleteUserByName" time="1.522"/>
</testsuite> <!-- PetTest -->
